<?xml version="1.0" encoding="UTF-8"?>
<testng-results ignored="0" total="5" passed="4" failed="1" skipped="0">
  <reporter-output>
  </reporter-output>
  <suite started-at="2024-08-15T14:17:50 IST" name="Default suite" finished-at="2024-08-15T14:20:15 IST" duration-ms="144670">
    <groups>
      <group name="Smoke">
        <method signature="LoginTest.verifyLoginTest(java.lang.String,java.lang.String)[pri:1, instance:com.qa.Testcases.LoginTest@4602c2a9]" name="verifyLoginTest" class="com.qa.Testcases.LoginTest"/>
      </group> <!-- Smoke -->
    </groups>
    <test started-at="2024-08-15T14:17:50 IST" name="Default test" finished-at="2024-08-15T14:20:15 IST" duration-ms="144670">
      <class name="com.qa.Testcases.LoginTest">
        <test-method is-config="true" signature="startExtendReport()[pri:0, instance:com.qa.Testcases.LoginTest@4602c2a9]" started-at="2024-08-15T14:17:50 IST" name="startExtendReport" finished-at="2024-08-15T14:17:51 IST" duration-ms="339" status="PASS">
          <reporter-output>
          </reporter-output>
        </test-method> <!-- startExtendReport -->
        <test-method is-config="true" signature="setup(java.lang.reflect.Method)[pri:0, instance:com.qa.Testcases.LoginTest@4602c2a9]" started-at="2024-08-15T14:17:51 IST" name="setup" finished-at="2024-08-15T14:18:00 IST" duration-ms="9366" status="PASS">
          <params>
            <param index="0">
              <value>
                <![CDATA[public void com.qa.Testcases.LoginTest.verifyinvalidLoginLogout()]]>
              </value>
            </param>
          </params>
          <reporter-output>
          </reporter-output>
        </test-method> <!-- setup -->
        <test-method signature="verifyinvalidLoginLogout()[pri:-2, instance:com.qa.Testcases.LoginTest@4602c2a9]" started-at="2024-08-15T14:18:00 IST" name="verifyinvalidLoginLogout" finished-at="2024-08-15T14:18:02 IST" duration-ms="2399" status="PASS">
          <reporter-output>
          </reporter-output>
        </test-method> <!-- verifyinvalidLoginLogout -->
        <test-method is-config="true" signature="getResult(org.testng.ITestResult)[pri:0, instance:com.qa.Testcases.LoginTest@4602c2a9]" started-at="2024-08-15T14:18:02 IST" name="getResult" finished-at="2024-08-15T14:18:03 IST" duration-ms="550" status="PASS">
          <params>
            <param index="0">
              <value>
                <![CDATA[[TestResult name=verifyinvalidLoginLogout status=SUCCESS method=LoginTest.verifyinvalidLoginLogout()[pri:-2, instance:com.qa.Testcases.LoginTest@4602c2a9] output={null}]]]>
              </value>
            </param>
          </params>
          <reporter-output>
          </reporter-output>
        </test-method> <!-- getResult -->
        <test-method is-config="true" signature="setup(java.lang.reflect.Method)[pri:0, instance:com.qa.Testcases.LoginTest@4602c2a9]" started-at="2024-08-15T14:18:03 IST" name="setup" finished-at="2024-08-15T14:18:11 IST" duration-ms="7968" status="PASS">
          <params>
            <param index="0">
              <value>
                <![CDATA[public void com.qa.Testcases.LoginTest.verifyForgotPass() throws java.lang.InterruptedException]]>
              </value>
            </param>
          </params>
          <reporter-output>
          </reporter-output>
        </test-method> <!-- setup -->
        <test-method signature="verifyForgotPass()[pri:0, instance:com.qa.Testcases.LoginTest@4602c2a9]" started-at="2024-08-15T14:18:11 IST" name="verifyForgotPass" finished-at="2024-08-15T14:18:43 IST" duration-ms="32249" status="PASS">
          <reporter-output>
          </reporter-output>
        </test-method> <!-- verifyForgotPass -->
        <test-method is-config="true" signature="getResult(org.testng.ITestResult)[pri:0, instance:com.qa.Testcases.LoginTest@4602c2a9]" started-at="2024-08-15T14:18:43 IST" name="getResult" finished-at="2024-08-15T14:18:44 IST" duration-ms="908" status="PASS">
          <params>
            <param index="0">
              <value>
                <![CDATA[[TestResult name=verifyForgotPass status=SUCCESS method=LoginTest.verifyForgotPass()[pri:0, instance:com.qa.Testcases.LoginTest@4602c2a9] output={null}]]]>
              </value>
            </param>
          </params>
          <reporter-output>
          </reporter-output>
        </test-method> <!-- getResult -->
        <test-method is-config="true" signature="setup(java.lang.reflect.Method)[pri:0, instance:com.qa.Testcases.LoginTest@4602c2a9]" started-at="2024-08-15T14:18:44 IST" name="setup" finished-at="2024-08-15T14:18:53 IST" duration-ms="8581" status="PASS">
          <params>
            <param index="0">
              <value>
                <![CDATA[public void com.qa.Testcases.LoginTest.verifyPageTitle()]]>
              </value>
            </param>
          </params>
          <reporter-output>
          </reporter-output>
        </test-method> <!-- setup -->
        <test-method signature="verifyPageTitle()[pri:0, instance:com.qa.Testcases.LoginTest@4602c2a9]" started-at="2024-08-15T14:18:53 IST" name="verifyPageTitle" finished-at="2024-08-15T14:18:53 IST" duration-ms="89" status="PASS">
          <reporter-output>
          </reporter-output>
        </test-method> <!-- verifyPageTitle -->
        <test-method is-config="true" signature="getResult(org.testng.ITestResult)[pri:0, instance:com.qa.Testcases.LoginTest@4602c2a9]" started-at="2024-08-15T14:18:53 IST" name="getResult" finished-at="2024-08-15T14:18:53 IST" duration-ms="431" status="PASS">
          <params>
            <param index="0">
              <value>
                <![CDATA[[TestResult name=verifyPageTitle status=SUCCESS method=LoginTest.verifyPageTitle()[pri:0, instance:com.qa.Testcases.LoginTest@4602c2a9] output={null}]]]>
              </value>
            </param>
          </params>
          <reporter-output>
          </reporter-output>
        </test-method> <!-- getResult -->
        <test-method is-config="true" signature="setup(java.lang.reflect.Method)[pri:0, instance:com.qa.Testcases.LoginTest@4602c2a9]" started-at="2024-08-15T14:18:53 IST" name="setup" finished-at="2024-08-15T14:19:01 IST" duration-ms="7860" status="PASS">
          <params>
            <param index="0">
              <value>
                <![CDATA[public void com.qa.Testcases.LoginTest.verifyThatGoto() throws java.lang.InterruptedException]]>
              </value>
            </param>
          </params>
          <reporter-output>
          </reporter-output>
        </test-method> <!-- setup -->
        <test-method signature="verifyThatGoto()[pri:0, instance:com.qa.Testcases.LoginTest@4602c2a9]" started-at="2024-08-15T14:19:01 IST" name="verifyThatGoto" finished-at="2024-08-15T14:20:05 IST" duration-ms="63817" status="FAIL">
          <exception class="java.lang.AssertionError">
            <message>
              <![CDATA[expected [abc] but found [Cogmento CRM]]]>
            </message>
            <full-stacktrace>
              <![CDATA[java.lang.AssertionError: expected [abc] but found [Cogmento CRM]
at org.testng.Assert.fail(Assert.java:111)
at org.testng.Assert.failNotEquals(Assert.java:1578)
at org.testng.Assert.assertEqualsImpl(Assert.java:150)
at org.testng.Assert.assertEquals(Assert.java:132)
at org.testng.Assert.assertEquals(Assert.java:656)
at org.testng.Assert.assertEquals(Assert.java:666)
at com.qa.Testcases.LoginTest.verifyThatGoto(LoginTest.java:62)
at java.base/jdk.internal.reflect.DirectMethodHandleAccessor.invoke(DirectMethodHandleAccessor.java:104)
at java.base/java.lang.reflect.Method.invoke(Method.java:578)
at org.testng.internal.invokers.MethodInvocationHelper.invokeMethod(MethodInvocationHelper.java:141)
at org.testng.internal.invokers.TestInvoker.invokeMethod(TestInvoker.java:686)
at org.testng.internal.invokers.TestInvoker.invokeTestMethod(TestInvoker.java:230)
at org.testng.internal.invokers.MethodRunner.runInSequence(MethodRunner.java:63)
at org.testng.internal.invokers.TestInvoker$MethodInvocationAgent.invoke(TestInvoker.java:992)
at org.testng.internal.invokers.TestInvoker.invokeTestMethods(TestInvoker.java:203)
at org.testng.internal.invokers.TestMethodWorker.invokeTestMethods(TestMethodWorker.java:154)
at org.testng.internal.invokers.TestMethodWorker.run(TestMethodWorker.java:134)
at java.base/java.util.ArrayList.forEach(ArrayList.java:1511)
at org.testng.TestRunner.privateRun(TestRunner.java:739)
at org.testng.TestRunner.run(TestRunner.java:614)
at org.testng.SuiteRunner.runTest(SuiteRunner.java:421)
at org.testng.SuiteRunner.runSequentially(SuiteRunner.java:413)
at org.testng.SuiteRunner.privateRun(SuiteRunner.java:373)
at org.testng.SuiteRunner.run(SuiteRunner.java:312)
at org.testng.SuiteRunnerWorker.runSuite(SuiteRunnerWorker.java:52)
at org.testng.SuiteRunnerWorker.run(SuiteRunnerWorker.java:95)
at org.testng.TestNG.runSuitesSequentially(TestNG.java:1274)
at org.testng.TestNG.runSuitesLocally(TestNG.java:1208)
at org.testng.TestNG.runSuites(TestNG.java:1112)
at org.testng.TestNG.run(TestNG.java:1079)
at org.testng.remote.AbstractRemoteTestNG.run(AbstractRemoteTestNG.java:115)
at org.testng.remote.RemoteTestNG.initAndRun(RemoteTestNG.java:293)
at org.testng.remote.RemoteTestNG.main(RemoteTestNG.java:91)
]]>
            </full-stacktrace>
          </exception> <!-- java.lang.AssertionError -->
          <reporter-output>
          </reporter-output>
        </test-method> <!-- verifyThatGoto -->
        <test-method is-config="true" signature="getResult(org.testng.ITestResult)[pri:0, instance:com.qa.Testcases.LoginTest@4602c2a9]" started-at="2024-08-15T14:20:05 IST" name="getResult" finished-at="2024-08-15T14:20:06 IST" duration-ms="1064" status="PASS">
          <params>
            <param index="0">
              <value>
                <![CDATA[[TestResult name=verifyThatGoto status=FAILURE method=LoginTest.verifyThatGoto()[pri:0, instance:com.qa.Testcases.LoginTest@4602c2a9] output={null}]]]>
              </value>
            </param>
          </params>
          <reporter-output>
          </reporter-output>
        </test-method> <!-- getResult -->
        <test-method is-config="true" signature="setup(java.lang.reflect.Method)[pri:0, instance:com.qa.Testcases.LoginTest@4602c2a9]" started-at="2024-08-15T14:20:06 IST" name="setup" finished-at="2024-08-15T14:20:14 IST" duration-ms="7649" status="PASS">
          <params>
            <param index="0">
              <value>
                <![CDATA[public void com.qa.Testcases.LoginTest.verifyLoginTest(java.lang.String,java.lang.String) throws java.lang.Exception]]>
              </value>
            </param>
          </params>
          <reporter-output>
          </reporter-output>
        </test-method> <!-- setup -->
        <test-method signature="verifyLoginTest(java.lang.String,java.lang.String)[pri:1, instance:com.qa.Testcases.LoginTest@4602c2a9]" started-at="2024-08-15T14:20:14 IST" name="verifyLoginTest" data-provider="getLogineCredensials" finished-at="2024-08-15T14:20:14 IST" duration-ms="381" status="PASS">
          <params>
            <param index="0">
              <value>
                <![CDATA[harishkr755@gmail.com]]>
              </value>
            </param>
            <param index="1">
              <value>
                <![CDATA[Harish@123]]>
              </value>
            </param>
          </params>
          <reporter-output>
          </reporter-output>
        </test-method> <!-- verifyLoginTest -->
        <test-method is-config="true" signature="getResult(org.testng.ITestResult)[pri:0, instance:com.qa.Testcases.LoginTest@4602c2a9]" started-at="2024-08-15T14:20:14 IST" name="getResult" finished-at="2024-08-15T14:20:15 IST" duration-ms="371" status="PASS">
          <params>
            <param index="0">
              <value>
                <![CDATA[[TestResult name=verifyLoginTest status=SUCCESS method=LoginTest.verifyLoginTest(java.lang.String,java.lang.String)[pri:1, instance:com.qa.Testcases.LoginTest@4602c2a9] output={null}]]]>
              </value>
            </param>
          </params>
          <reporter-output>
          </reporter-output>
        </test-method> <!-- getResult -->
        <test-method is-config="true" signature="flushReport()[pri:0, instance:com.qa.Testcases.LoginTest@4602c2a9]" started-at="2024-08-15T14:20:15 IST" name="flushReport" finished-at="2024-08-15T14:20:15 IST" duration-ms="377" status="PASS">
          <reporter-output>
          </reporter-output>
        </test-method> <!-- flushReport -->
      </class> <!-- com.qa.Testcases.LoginTest -->
    </test> <!-- Default test -->
  </suite> <!-- Default suite -->
</testng-results>
